<?xml version="1.0" encoding="utf-8"?><testsuites name="pytest tests"><testsuite name="pytest" errors="0" failures="0" skipped="0" tests="4" time="1.899" timestamp="2026-03-22T17:39:59.922370+00:00" hostname="agent-env-cb624ce6-1169-4c1b-8d8d-b479f5b65bce"><testcase classname="backend.tests.test_backend_node_conversion" name="test_node_health_endpoint_returns_expected_payload" time="1.011" /><testcase classname="backend.tests.test_backend_node_conversion" name="test_user_register_login_and_profile_flow" time="0.171" /><testcase classname="backend.tests.test_backend_node_conversion" name="test_booking_creation_endpoint" time="0.333" /><testcase classname="backend.tests.test_backend_node_conversion" name="test_admin_login_demo_logins_and_analytics_endpoints" time="0.321" /></testsuite></testsuites>