<?xml version="1.0" encoding="utf-8"?><testsuites name="pytest tests"><testsuite name="pytest" errors="0" failures="0" skipped="0" tests="19" time="15.521" timestamp="2026-03-22T07:58:54.246710+00:00" hostname="agent-env-cb624ce6-1169-4c1b-8d8d-b479f5b65bce"><testcase classname="backend.tests.test_dial_for_help_api" name="test_root_health" time="0.196" /><testcase classname="backend.tests.test_dial_for_help_api" name="test_create_booking_and_verify_overview_persistence" time="0.750" /><testcase classname="backend.tests.test_dial_for_help_api" name="test_create_worker_signup_and_verify_overview" time="1.664" /><testcase classname="backend.tests.test_dial_for_help_api" name="test_create_contact_and_verify_overview" time="0.447" /><testcase classname="backend.tests.test_dial_for_help_api" name="test_admin_login_invalid_credentials" time="0.325" /><testcase classname="backend.tests.test_dial_for_help_api" name="test_admin_overview_requires_token" time="0.106" /><testcase classname="backend.tests.test_dial_for_help_api" name="test_update_booking_status_and_verify_in_overview" time="1.936" /><testcase classname="backend.tests.test_phase3_admin_tracking_notifications" name="test_track_booking_endpoint_success_and_shape" time="0.462" /><testcase classname="backend.tests.test_phase3_admin_tracking_notifications" name="test_track_booking_not_found_returns_404" time="0.109" /><testcase classname="backend.tests.test_phase3_admin_tracking_notifications" name="test_admin_subscriptions_requires_token" time="0.092" /><testcase classname="backend.tests.test_phase3_admin_tracking_notifications" name="test_admin_subscriptions_returns_expected_fields" time="0.373" /><testcase classname="backend.tests.test_phase3_admin_tracking_notifications" name="test_suggest_workers_for_booking_returns_ranked_matches" time="1.732" /><testcase classname="backend.tests.test_phase3_admin_tracking_notifications" name="test_notification_log_behavior_sendgrid_config_and_twilio_missing" time="0.390" /><testcase classname="backend.tests.test_subscription_payment_flows" name="test_user_status_initial_and_shape" time="0.129" /><testcase classname="backend.tests.test_subscription_payment_flows" name="test_booking_first_two_free_and_third_blocked" time="0.775" /><testcase classname="backend.tests.test_subscription_payment_flows" name="test_create_order_returns_expected_values_for_both_plans" time="1.675" /><testcase classname="backend.tests.test_subscription_payment_flows" name="test_verify_user_subscription_unblocks_booking" time="2.033" /><testcase classname="backend.tests.test_subscription_payment_flows" name="test_worker_signup_blocked_before_subscription_and_allowed_after_verify" time="1.107" /><testcase classname="backend.tests.test_subscription_payment_flows" name="test_admin_login_overview_and_booking_status_update_regression" time="1.133" /></testsuite></testsuites>